# JRE version: OpenJDK Runtime Environment Microsoft-7208460 (11.0.18+10) (build 11.0.18+10-LTS)
# Java VM: OpenJDK 64-Bit Server VM Microsoft-7208460 (11.0.18+10-LTS, mixed mode, tiered, compressed oops, g1 gc, windows-amd64)
Heap:
 garbage-first heap   total 588800K, used 254395K [0x0000000080000000, 0x0000000100000000)
  region size 1024K, 9 young (9216K), 9 survivors (9216K)
 Metaspace       used 125407K, capacity 131431K, committed 131760K, reserved 630784K
  class space    used 16528K, capacity 18839K, committed 18944K, reserved 516096K
GC Heap History (20 events):
Event: 29.900 GC heap after
{Heap after GC invocations=56 (full 0):
 garbage-first heap   total 270336K, used 145791K [0x0000000080000000, 0x0000000100000000)
  region size 1024K, 2 young (2048K), 2 survivors (2048K)
 Metaspace       used 105282K, capacity 109232K, committed 109488K, reserved 610304K
  class space    used 13940K, capacity 15517K, committed 15616K, reserved 516096K
}
Event: 30.479 GC heap before
{Heap before GC invocations=57 (full 0):
 garbage-first heap   total 270336K, used 192895K [0x0000000080000000, 0x0000000100000000)
  region size 1024K, 48 young (49152K), 2 survivors (2048K)
 Metaspace       used 105953K, capacity 110268K, committed 110384K, reserved 612352K
  class space    used 14024K, capacity 15736K, committed 15744K, reserved 516096K
}
Event: 30.492 GC heap after
{Heap after GC invocations=58 (full 0):
 garbage-first heap   total 270336K, used 153132K [0x0000000080000000, 0x0000000100000000)
  region size 1024K, 6 young (6144K), 6 survivors (6144K)
 Metaspace       used 105953K, capacity 110268K, committed 110384K, reserved 612352K
  class space    used 14024K, capacity 15736K, committed 15744K, reserved 516096K
}
Event: 30.619 GC heap before
{Heap before GC invocations=58 (full 0):
 garbage-first heap   total 270336K, used 161324K [0x0000000080000000, 0x0000000100000000)
  region size 1024K, 16 young (16384K), 6 survivors (6144K)
 Metaspace       used 106151K, capacity 110559K, committed 110768K, reserved 612352K
  class space    used 14058K, capacity 15795K, committed 15872K, reserved 516096K
}
Event: 30.630 GC heap after
{Heap after GC invocations=59 (full 0):
 garbage-first heap   total 270336K, used 154055K [0x0000000080000000, 0x0000000100000000)
  region size 1024K, 2 young (2048K), 2 survivors (2048K)
 Metaspace       used 106151K, capacity 110559K, committed 110768K, reserved 612352K
  class space    used 14058K, capacity 15795K, committed 15872K, reserved 516096K
}
Event: 31.257 GC heap before
{Heap before GC invocations=60 (full 0):
 garbage-first heap   total 270336K, used 201159K [0x0000000080000000, 0x0000000100000000)
  region size 1024K, 45 young (46080K), 2 survivors (2048K)
 Metaspace       used 107909K, capacity 112480K, committed 112688K, reserved 614400K
  class space    used 14314K, capacity 16131K, committed 16256K, reserved 516096K
}
Event: 31.264 GC heap after
{Heap after GC invocations=61 (full 0):
 garbage-first heap   total 270336K, used 162283K [0x0000000080000000, 0x0000000100000000)
  region size 1024K, 6 young (6144K), 6 survivors (6144K)
 Metaspace       used 107909K, capacity 112480K, committed 112688K, reserved 614400K
  class space    used 14314K, capacity 16131K, committed 16256K, reserved 516096K
}
Event: 31.885 GC heap before
{Heap before GC invocations=61 (full 0):
 garbage-first heap   total 270336K, used 205291K [0x0000000080000000, 0x0000000100000000)
  region size 1024K, 48 young (49152K), 6 survivors (6144K)
 Metaspace       used 110467K, capacity 115159K, committed 115376K, reserved 616448K
  class space    used 14654K, capacity 16542K, committed 16640K, reserved 516096K
}
Event: 31.896 GC heap after
{Heap after GC invocations=62 (full 0):
 garbage-first heap   total 428032K, used 164973K [0x0000000080000000, 0x0000000100000000)
  region size 1024K, 3 young (3072K), 3 survivors (3072K)
 Metaspace       used 110467K, capacity 115159K, committed 115376K, reserved 616448K
  class space    used 14654K, capacity 16542K, committed 16640K, reserved 516096K
}
Event: 32.754 GC heap before
{Heap before GC invocations=63 (full 0):
 garbage-first heap   total 428032K, used 262253K [0x0000000080000000, 0x0000000100000000)
  region size 1024K, 98 young (100352K), 3 survivors (3072K)
 Metaspace       used 114107K, capacity 118896K, committed 119216K, reserved 618496K
  class space    used 15131K, capacity 17039K, committed 17152K, reserved 516096K
}
Event: 32.765 GC heap after
{Heap after GC invocations=64 (full 0):
 garbage-first heap   total 428032K, used 172366K [0x0000000080000000, 0x0000000100000000)
  region size 1024K, 10 young (10240K), 10 survivors (10240K)
 Metaspace       used 114107K, capacity 118896K, committed 119216K, reserved 618496K
  class space    used 15131K, capacity 17039K, committed 17152K, reserved 516096K
}
Event: 34.307 GC heap before
{Heap before GC invocations=64 (full 0):
 garbage-first heap   total 428032K, used 314702K [0x0000000080000000, 0x0000000100000000)
  region size 1024K, 144 young (147456K), 10 survivors (10240K)
 Metaspace       used 115855K, capacity 120803K, committed 120880K, reserved 620544K
  class space    used 15339K, capacity 17259K, committed 17280K, reserved 516096K
}
Event: 34.327 GC heap after
{Heap after GC invocations=65 (full 0):
 garbage-first heap   total 428032K, used 191155K [0x0000000080000000, 0x0000000100000000)
  region size 1024K, 18 young (18432K), 18 survivors (18432K)
 Metaspace       used 115855K, capacity 120803K, committed 120880K, reserved 620544K
  class space    used 15339K, capacity 17259K, committed 17280K, reserved 516096K
}
Event: 36.151 GC heap before
{Heap before GC invocations=65 (full 0):
 garbage-first heap   total 428032K, used 310963K [0x0000000080000000, 0x0000000100000000)
  region size 1024K, 135 young (138240K), 18 survivors (18432K)
 Metaspace       used 119001K, capacity 124335K, committed 124592K, reserved 624640K
  class space    used 15749K, capacity 17848K, committed 17920K, reserved 516096K
}
Event: 36.262 GC heap after
{Heap after GC invocations=66 (full 0):
 garbage-first heap   total 428032K, used 207455K [0x0000000080000000, 0x0000000100000000)
  region size 1024K, 15 young (15360K), 15 survivors (15360K)
 Metaspace       used 119001K, capacity 124335K, committed 124592K, reserved 624640K
  class space    used 15749K, capacity 17848K, committed 17920K, reserved 516096K
}
Event: 38.213 GC heap before
{Heap before GC invocations=66 (full 0):
 garbage-first heap   total 428032K, used 322143K [0x0000000080000000, 0x0000000100000000)
  region size 1024K, 127 young (130048K), 15 survivors (15360K)
 Metaspace       used 121627K, capacity 127233K, committed 127536K, reserved 626688K
  class space    used 16068K, capacity 18238K, committed 18304K, reserved 516096K
}
Event: 38.240 GC heap after
{Heap after GC invocations=67 (full 0):
 garbage-first heap   total 428032K, used 223589K [0x0000000080000000, 0x0000000100000000)
  region size 1024K, 16 young (16384K), 16 survivors (16384K)
 Metaspace       used 121627K, capacity 127233K, committed 127536K, reserved 626688K
  class space    used 16068K, capacity 18238K, committed 18304K, reserved 516096K
}
Event: 39.131 GC heap before
{Heap before GC invocations=68 (full 0):
 garbage-first heap   total 428032K, used 330085K [0x0000000080000000, 0x0000000100000000)
  region size 1024K, 120 young (122880K), 16 survivors (16384K)
 Metaspace       used 123933K, capacity 129773K, committed 129840K, reserved 628736K
  class space    used 16330K, capacity 18552K, committed 18560K, reserved 516096K
}
Event: 39.160 GC heap after
{Heap after GC invocations=69 (full 0):
 garbage-first heap   total 428032K, used 243278K [0x0000000080000000, 0x0000000100000000)
  region size 1024K, 15 young (15360K), 15 survivors (15360K)
 Metaspace       used 123933K, capacity 129773K, committed 129840K, reserved 628736K
  class space    used 16330K, capacity 18552K, committed 18560K, reserved 516096K
}
Event: 39.732 GC heap before
{Heap before GC invocations=69 (full 0):
 garbage-first heap   total 428032K, used 300622K [0x0000000080000000, 0x0000000100000000)
  region size 1024K, 72 young (73728K), 15 survivors (15360K)
 Metaspace       used 125407K, capacity 131431K, committed 131760K, reserved 630784K
  class space    used 16528K, capacity 18839K, committed 18944K, reserved 516096K
}

